<?xml version="1.0" encoding="UTF-8"?>
<testng-results ignored="0" total="1" passed="1" failed="0" skipped="0">
  <reporter-output>
  </reporter-output>
  <suite started-at="2024-08-29T10:44:53 IST" name="Default suite" finished-at="2024-08-29T10:45:00 IST" duration-ms="6768">
    <groups>
    </groups>
    <test started-at="2024-08-29T10:44:53 IST" name="Default test" finished-at="2024-08-29T10:45:00 IST" duration-ms="6768">
      <class name="baselibrary.Baselibrary">
        <test-method signature="launchBrowser()[pri:0, instance:baselibrary.Baselibrary@20140db9]" started-at="2024-08-29T10:44:53 IST" name="launchBrowser" finished-at="2024-08-29T10:45:00 IST" duration-ms="6570" status="PASS">
          <reporter-output>
          </reporter-output>
        </test-method> <!-- launchBrowser -->
      </class> <!-- baselibrary.Baselibrary -->
    </test> <!-- Default test -->
  </suite> <!-- Default suite -->
</testng-results>
